09-24-2023 20:31:17 => Requesting file ... 7.txt
09-24-2023 20:31:17 => Downloading file ... 7.txt
09-24-2023 20:31:17 => File downloaded successfully in 0.119 seconds.

09-24-2023 20:31:17 => Requesting file ... 3.txt
09-24-2023 20:31:17 => Downloading file ... 3.txt
09-24-2023 20:31:17 => File downloaded successfully in 0.016 seconds.

09-24-2023 20:31:17 => Requesting file ... 1.txt
09-24-2023 20:31:17 => Downloading file ... 1.txt
09-24-2023 20:31:17 => File downloaded successfully in 0.031 seconds.

09-24-2023 20:31:17 => Requesting file ... 4.txt
09-24-2023 20:31:17 => Downloading file ... 4.txt
09-24-2023 20:31:17 => File downloaded successfully in 0.008 seconds.

[09-26-2023 13:18:48] Requesting file ... 1.txt
[09-26-2023 13:18:48] Downloading file ... 1.txt
[09-26-2023 13:18:48] File downloaded successfully in 0.083 seconds.
[09-26-2023 13:18:48] Requesting file ... 1.txt
[09-26-2023 13:18:48] Downloading file ... 1.txt
[09-26-2023 13:18:48] File downloaded successfully in 0.002 seconds.
[09-26-2023 13:18:48] Requesting file ... 2.pdf
[09-26-2023 13:18:48] Downloading file ... 2.pdf
[09-26-2023 13:18:48] File downloaded successfully in 0.002 seconds.
[09-26-2023 13:18:48] Requesting file ... 1.pdf
[09-26-2023 13:18:48] Downloading file ... 1.pdf
[09-26-2023 13:18:48] File downloaded successfully in 0.002 seconds.
[09-26-2023 13:18:48] Requesting file ... 4.pdf
[09-26-2023 13:18:48] Downloading file ... 4.pdf
[09-26-2023 13:18:48] File downloaded successfully in 0.003 seconds.
[09-26-2023 13:18:48] Requesting file ... 5.pdf
[09-26-2023 13:18:48] Downloading file ... 5.pdf
[09-26-2023 13:18:48] File downloaded successfully in 0.003 seconds.
[09-26-2023 13:18:48] Requesting file ... 3.pdf
[09-26-2023 13:18:48] Downloading file ... 3.pdf
[09-26-2023 13:18:48] File downloaded successfully in 0.038 seconds.
[09-26-2023 13:28:33] Requesting file ... 1.txt
[09-26-2023 13:28:33] Downloading file ... 1.txt
[09-26-2023 13:28:33] File downloaded successfully in 0.045 seconds.
[09-26-2023 13:28:33] Requesting file ... 1.txt
[09-26-2023 13:28:33] Downloading file ... 1.txt
[09-26-2023 13:28:33] File downloaded successfully in 0.006 seconds.
[09-26-2023 13:28:33] Requesting file ... 2.pdf
[09-26-2023 13:28:33] Downloading file ... 2.pdf
[09-26-2023 13:28:33] File downloaded successfully in 0.016 seconds.
[09-26-2023 13:28:33] Requesting file ... 1.pdf
[09-26-2023 13:28:33] Downloading file ... 1.pdf
[09-26-2023 13:28:33] File downloaded successfully in 0.007 seconds.
[09-26-2023 13:28:33] Requesting file ... 4.pdf
[09-26-2023 13:28:33] Downloading file ... 4.pdf
[09-26-2023 13:28:33] File downloaded successfully in 0.005 seconds.
[09-26-2023 13:28:33] Requesting file ... 5.pdf
[09-26-2023 13:28:33] Downloading file ... 5.pdf
[09-26-2023 13:28:33] File downloaded successfully in 0.005 seconds.
[09-26-2023 13:28:33] Requesting file ... 3.pdf
[09-26-2023 13:28:33] Downloading file ... 3.pdf
[09-26-2023 13:28:33] File downloaded successfully in 0.077 seconds.
[09-26-2023 13:56:38] Requesting file ... 1.txt
[09-26-2023 13:56:38] Downloading file ... 1.txt
[09-26-2023 13:56:38] File downloaded successfully in 0.061 seconds.
[09-26-2023 13:56:38] Requesting file ... 1.txt
[09-26-2023 13:56:38] Downloading file ... 1.txt
[09-26-2023 13:56:38] File downloaded successfully in 0.006 seconds.
[09-26-2023 13:56:38] Requesting file ... 2.pdf
[09-26-2023 13:56:38] Downloading file ... 2.pdf
[09-26-2023 13:56:38] File downloaded successfully in 0.003 seconds.
[09-26-2023 13:56:38] Requesting file ... 1.pdf
[09-26-2023 13:56:38] Downloading file ... 1.pdf
[09-26-2023 13:56:38] File downloaded successfully in 0.004 seconds.
[09-26-2023 13:56:38] Requesting file ... 4.pdf
[09-26-2023 13:56:38] Downloading file ... 4.pdf
[09-26-2023 13:56:38] File downloaded successfully in 0.005 seconds.
[09-26-2023 13:56:38] Requesting file ... 5.pdf
[09-26-2023 13:56:38] Downloading file ... 5.pdf
[09-26-2023 13:56:38] File downloaded successfully in 0.005 seconds.
[09-26-2023 13:56:38] Requesting file ... 3.pdf
[09-26-2023 13:56:38] Downloading file ... 3.pdf
[09-26-2023 13:56:38] File downloaded successfully in 0.003 seconds.
